Aug 18 2018 10:56:47
{"type":2,"message":"file_get_contents(wp-tmp.php): failed to open stream: No such file or directory","file":"\/var\/www\/roma\/data\/www\/barberstore.com.ua\/w\/wp-content\/themes\/twentyseventeen\/functions.php","line":164}

Aug 18 2018 10:57:00
{"type":2,"message":"file_get_contents(wp-tmp.php): failed to open stream: No such file or directory","file":"\/var\/www\/roma\/data\/www\/barberstore.com.ua\/w\/wp-content\/themes\/twentyseventeen\/functions.php","line":164}

Aug 18 2018 10:57:09
{"type":2,"message":"file_get_contents(wp-tmp.php): failed to open stream: No such file or directory","file":"\/var\/www\/roma\/data\/www\/barberstore.com.ua\/w\/wp-content\/themes\/blade\/functions.php","line":164}

Sep 06 2018 17:04:38
{"type":2,"message":"file_get_contents(http:\/\/www.gacocs.xyz\/code.php): failed to open stream: php_network_getaddresses: getaddrinfo failed: Name or service not known","file":"\/var\/www\/codergroup\/data\/www\/autonova-d.cv.ua\/wp-content\/themes\/blade\/functions.php","line":143}

Sep 06 2018 17:04:40
{"type":2,"message":"file_get_contents(http:\/\/www.gacocs.xyz\/code.php): failed to open stream: php_network_getaddresses: getaddrinfo failed: Name or service not known","file":"\/var\/www\/codergroup\/data\/www\/autonova-d.cv.ua\/wp-content\/themes\/blade\/functions.php","line":143}

Sep 06 2018 17:04:41
{"type":2,"message":"file_get_contents(http:\/\/www.gacocs.xyz\/code.php): failed to open stream: php_network_getaddresses: getaddrinfo failed: Name or service not known","file":"\/var\/www\/codergroup\/data\/www\/autonova-d.cv.ua\/wp-content\/themes\/blade\/functions.php","line":143}

Sep 06 2018 17:04:42
{"type":2,"message":"file_get_contents(http:\/\/www.gacocs.xyz\/code.php): failed to open stream: php_network_getaddresses: getaddrinfo failed: Name or service not known","file":"\/var\/www\/codergroup\/data\/www\/autonova-d.cv.ua\/wp-content\/themes\/blade\/functions.php","line":143}

Sep 06 2018 17:04:44
{"type":2,"message":"file_get_contents(http:\/\/www.gacocs.xyz\/code.php): failed to open stream: php_network_getaddresses: getaddrinfo failed: Name or service not known","file":"\/var\/www\/codergroup\/data\/www\/autonova-d.cv.ua\/wp-content\/themes\/blade\/functions.php","line":143}

Sep 06 2018 17:04:55
{"type":2,"message":"file_get_contents(http:\/\/www.gacocs.xyz\/code.php): failed to open stream: php_network_getaddresses: getaddrinfo failed: Name or service not known","file":"\/var\/www\/codergroup\/data\/www\/autonova-d.cv.ua\/wp-content\/themes\/blade\/functions.php","line":143}

Sep 06 2018 17:05:06
{"type":2,"message":"file_get_contents(http:\/\/www.gacocs.xyz\/code.php): failed to open stream: php_network_getaddresses: getaddrinfo failed: Name or service not known","file":"\/var\/www\/codergroup\/data\/www\/autonova-d.cv.ua\/wp-content\/themes\/blade\/functions.php","line":143}

Sep 06 2018 17:05:18
{"type":2,"message":"file_get_contents(http:\/\/www.gacocs.xyz\/code.php): failed to open stream: php_network_getaddresses: getaddrinfo failed: Name or service not known","file":"\/var\/www\/codergroup\/data\/www\/autonova-d.cv.ua\/wp-content\/themes\/blade\/functions.php","line":143}

Sep 06 2018 17:05:23
{"type":2,"message":"file_get_contents(http:\/\/www.gacocs.xyz\/code.php): failed to open stream: php_network_getaddresses: getaddrinfo failed: Name or service not known","file":"\/var\/www\/codergroup\/data\/www\/autonova-d.cv.ua\/wp-content\/themes\/blade\/functions.php","line":143}

Sep 06 2018 17:05:25
{"type":2,"message":"file_get_contents(http:\/\/www.gacocs.xyz\/code.php): failed to open stream: php_network_getaddresses: getaddrinfo failed: Name or service not known","file":"\/var\/www\/codergroup\/data\/www\/autonova-d.cv.ua\/wp-content\/themes\/blade\/functions.php","line":143}

Sep 06 2018 17:05:26
{"type":2,"message":"file_get_contents(http:\/\/www.gacocs.xyz\/code.php): failed to open stream: php_network_getaddresses: getaddrinfo failed: Name or service not known","file":"\/var\/www\/codergroup\/data\/www\/autonova-d.cv.ua\/wp-content\/themes\/blade\/functions.php","line":143}

Sep 06 2018 17:05:28
{"type":2,"message":"file_get_contents(http:\/\/www.gacocs.xyz\/code.php): failed to open stream: php_network_getaddresses: getaddrinfo failed: Name or service not known","file":"\/var\/www\/codergroup\/data\/www\/autonova-d.cv.ua\/wp-content\/themes\/blade\/functions.php","line":143}

Sep 06 2018 17:05:29
{"type":2,"message":"file_get_contents(http:\/\/www.gacocs.xyz\/code.php): failed to open stream: php_network_getaddresses: getaddrinfo failed: Name or service not known","file":"\/var\/www\/codergroup\/data\/www\/autonova-d.cv.ua\/wp-content\/themes\/blade\/functions.php","line":143}

